{"contracts/Example.sol":{"l":{"22":0,"23":0,"27":0,"28":0},"path":"/Users/zlotin/dev/github/defi-org-code/web3-candies/contracts/Example.sol","s":{"1":0,"2":0,"3":0,"4":0},"b":{"1":[0,0],"2":[0,0]},"f":{"1":0,"2":0},"fnMap":{"1":{"name":"constructor","line":17,"loc":{"start":{"line":17,"column":4},"end":{"line":24,"column":4}}},"2":{"name":"assertNotZero","line":26,"loc":{"start":{"line":26,"column":4},"end":{"line":29,"column":4}}}},"statementMap":{"1":{"start":{"line":22,"column":8},"end":{"line":22,"column":83}},"2":{"start":{"line":23,"column":8},"end":{"line":23,"column":28}},"3":{"start":{"line":27,"column":8},"end":{"line":27,"column":45}},"4":{"start":{"line":28,"column":8},"end":{"line":28,"column":16}}},"branchMap":{"1":{"line":22,"type":"if","locations":[{"start":{"line":22,"column":8},"end":{"line":22,"column":8}},{"start":{"line":22,"column":8},"end":{"line":22,"column":8}}]},"2":{"line":27,"type":"if","locations":[{"start":{"line":27,"column":8},"end":{"line":27,"column":8}},{"start":{"line":27,"column":8},"end":{"line":27,"column":8}}]}}}}